Makefile:71: "Specified QuestaSim version (questa-2021.2) not found in PATH /home/xe-lpt-51/.cargo/bin:/usr/local/sbin:/usr/local/bin:/usr/sbin:/usr/bin:/sbin:/bin:/usr/games:/usr/local/games:/snap/bin:/home/xe-lpt-51/riscv/bin"
make[1]: *** [Makefile:219: rv64uv-ara-vrem.vv_LMUL1SEW32] Error 13
make[1]: *** Waiting for unfinished jobs....
make[1]: *** [Makefile:219: rv64uv-ara-vrem.vx_LMUL1SEW32] Error 13
make[1]: *** [Makefile:219: rv64uv-ara-vrem.vx_LMUL1SEW64] Error 21
make[1]: *** [Makefile:219: rv64uv-ara-vrem.vv_LMUL1SEW64] Error 21
make[1]: *** [Makefile:219: rv64uv-ara-vrem.vx_LMUL1SEW16] Error 9
make[1]: *** [Makefile:219: rv64uv-ara-vrem.vx_LMUL2SEW32] Error 13
make[1]: *** [Makefile:219: rv64uv-ara-vrem.vx_LMUL1SEW8] Error 5
make[1]: *** [Makefile:219: rv64uv-ara-vrem.vx_LMUL2SEW8] Error 5
make[1]: *** [Makefile:219: rv64uv-ara-vrem.vx_LMUL2SEW64] Error 21
make[1]: *** [Makefile:219: rv64uv-ara-vrem.vx_LMUL2SEW16] Error 9
make[1]: *** [Makefile:219: rv64uv-ara-vrem.vx_LMUL4SEW64] Error 21
make[1]: *** [Makefile:219: rv64uv-ara-vrem.vv_LMUL2SEW64] Error 21
make[1]: *** [Makefile:219: rv64uv-ara-vrem.vx_LMUL4SEW32] Error 13
make[1]: *** [Makefile:219: rv64uv-ara-vrem.vv_LMUL1SEW16] Error 9
make[1]: *** [Makefile:219: rv64uv-ara-vrem.vx_LMUL4SEW16] Error 9
make[1]: *** [Makefile:219: rv64uv-ara-vrem.vx_LMUL4SEW8] Error 5
make[1]: *** [Makefile:219: rv64uv-ara-vrem.vv_LMUL2SEW32] Error 13
make[1]: *** [Makefile:219: rv64uv-ara-vrem.vx_LMUL8SEW64] Error 21
make[1]: *** [Makefile:219: rv64uv-ara-vrem.vx_LMUL8SEW16] Error 9
make[1]: *** [Makefile:219: rv64uv-ara-vrem.vx_LMUL8SEW32] Error 13
make[1]: *** [Makefile:219: rv64uv-ara-vrem.vv_LMUL4SEW64] Error 21
make[1]: *** [Makefile:219: rv64uv-ara-vrem.vv_LMUL1SEW8] Error 5
make[1]: *** [Makefile:219: rv64uv-ara-vrem.vv_LMUL2SEW16] Error 9
make[1]: *** [Makefile:219: rv64uv-ara-vrem.vx_LMUL8SEW8] Error 5
make[1]: *** [Makefile:219: rv64uv-ara-vrem.vv_LMUL4SEW32] Error 13
make[1]: *** [Makefile:219: rv64uv-ara-vrem.vv_LMUL8SEW64] Error 21
make[1]: *** [Makefile:219: rv64uv-ara-vrem.vv_LMUL2SEW8] Error 5
make[1]: *** [Makefile:219: rv64uv-ara-vrem.vv_LMUL4SEW16] Error 9
make[1]: *** [Makefile:219: rv64uv-ara-vrem.vv_LMUL8SEW32] Error 13
make[1]: *** [Makefile:219: rv64uv-ara-vrem.vv_LMUL8SEW16] Error 9
make[1]: *** [Makefile:219: rv64uv-ara-vrem.vv_LMUL4SEW8] Error 5
make[1]: *** [Makefile:219: rv64uv-ara-vrem.vv_LMUL8SEW8] Error 5
