Makefile:62: "Specified QuestaSim version (questa-2021.2) not found in PATH /home/xe-lpt-51/.cargo/bin:/usr/local/sbin:/usr/local/bin:/usr/sbin:/usr/bin:/sbin:/bin:/usr/games:/usr/local/games:/snap/bin:/home/xe-lpt-51/riscv/bin"
make[1]: *** [Makefile:192: rv64uv-ara-vand.vi_LMUL2SEW8] Error 85
make[1]: *** Waiting for unfinished jobs....
make[1]: *** [Makefile:192: rv64uv-ara-vand.vx_LMUL2SEW8] Error 85
make[1]: *** [Makefile:192: rv64uv-ara-vand.vv_LMUL2SEW8] Error 85
make[1]: *** [Makefile:192: rv64uv-ara-vand.vi_LMUL1SEW8] Error 85
make[1]: *** [Makefile:192: rv64uv-ara-vand.vx_LMUL1SEW8] Error 85
make[1]: *** [Makefile:192: rv64uv-ara-vand.vv_LMUL1SEW8] Error 85
make[1]: *** [Makefile:192: rv64uv-ara-vand.vi_LMUL4SEW16] Error 165
make[1]: *** [Makefile:192: rv64uv-ara-vand.vv_LMUL4SEW16] Error 169
make[1]: *** [Makefile:192: rv64uv-ara-vand.vi_LMUL4SEW8] Error 85
make[1]: *** [Makefile:192: rv64uv-ara-vand.vx_LMUL4SEW16] Error 165
make[1]: *** [Makefile:192: rv64uv-ara-vand.vx_LMUL4SEW8] Error 85
make[1]: *** [Makefile:192: rv64uv-ara-vand.vv_LMUL4SEW8] Error 85
make[1]: *** [Makefile:192: rv64uv-ara-vand.vv_LMUL2SEW16] Error 169
make[1]: *** [Makefile:192: rv64uv-ara-vand.vi_LMUL2SEW16] Error 165
make[1]: *** [Makefile:192: rv64uv-ara-vand.vx_LMUL2SEW16] Error 165
make[1]: *** [Makefile:192: rv64uv-ara-vand.vi_LMUL8SEW32] Error 73
make[1]: *** [Makefile:192: rv64uv-ara-vand.vx_LMUL8SEW32] Error 73
make[1]: *** [Makefile:192: rv64uv-ara-vand.vv_LMUL8SEW32] Error 73
make[1]: *** [Makefile:192: rv64uv-ara-vand.vv_LMUL8SEW16] Error 169
make[1]: *** [Makefile:192: rv64uv-ara-vand.vi_LMUL8SEW16] Error 165
make[1]: *** [Makefile:192: rv64uv-ara-vand.vx_LMUL8SEW16] Error 165
make[1]: *** [Makefile:192: rv64uv-ara-vand.vi_LMUL8SEW8] Error 85
make[1]: *** [Makefile:192: rv64uv-ara-vand.vx_LMUL8SEW8] Error 85
make[1]: *** [Makefile:192: rv64uv-ara-vand.vv_LMUL8SEW8] Error 85
make[1]: *** [Makefile:192: rv64uv-ara-vand.vx_LMUL4SEW32] Error 73
make[1]: *** [Makefile:192: rv64uv-ara-vand.vv_LMUL4SEW32] Error 73
make[1]: *** [Makefile:192: rv64uv-ara-vand.vi_LMUL4SEW32] Error 73
make[1]: *** [Makefile:192: rv64uv-ara-vand.vx_LMUL8SEW64] Error 141
make[1]: *** [Makefile:192: rv64uv-ara-vand.vi_LMUL8SEW64] Error 143
make[1]: *** [Makefile:192: rv64uv-ara-vand.vv_LMUL8SEW64] Error 143
